# //  ModelSim SE-64 10.6d Feb 24 2018
# //
# //  Copyright 1991-2018 Mentor Graphics Corporation
# //  All Rights Reserved.
# //
# //  ModelSim SE-64 and its associated documentation contain trade
# //  secrets and commercial or financial information that are the property of
# //  Mentor Graphics Corporation and are privileged, confidential,
# //  and exempt from disclosure under the Freedom of Information Act,
# //  5 U.S.C. Section 552. Furthermore, this information
# //  is prohibited from disclosure under the Trade Secrets Act,
# //  18 U.S.C. Section 1905.
# //
# do {led_ctrl_3_tb_simulate.do}
# vsim -voptargs=""+acc"" -L xil_defaultlib -L unisims_ver -L unimacro_ver -L secureip -lib xil_defaultlib xil_defaultlib.led_ctrl_3_tb xil_defaultlib.glbl 
# Start time: 18:12:15 on Mar 07,2024
# ** Note: (vsim-3813) Design is being optimized due to module recompilation...
# Loading work.led_ctrl_3_tb(fast)
# Loading work.led_ctrl_3(fast)
# Loading work.glbl(fast)
# 1
# 1
# .main_pane.wave.interior.cs.body.pw.wf
# .main_pane.structure.interior.cs.body.struct
# .main_pane.objects.interior.cs.body.tree
run -all
# ** Note: $stop    : ../../../../led_ctrl_3.srcs/sim_1/new/led_ctrl_3_tb.v(27)
#    Time: 40000201 ns  Iteration: 0  Instance: /led_ctrl_3_tb
# Break in Module led_ctrl_3_tb at ../../../../led_ctrl_3.srcs/sim_1/new/led_ctrl_3_tb.v line 27
# End time: 18:15:03 on Mar 07,2024, Elapsed time: 0:02:48
# Errors: 0, Warnings: 0
