#-----------------------------------------------------------
# Vivado v2018.3 (64-bit)
# SW Build 2405991 on Thu Dec  6 23:38:27 MST 2018
# IP Build 2404404 on Fri Dec  7 01:43:56 MST 2018
# Start of session at: Fri Mar 29 19:39:00 2024
# Process ID: 16616
# Current directory: D:/NEW/TYUT/FPGA/Code/1_Learning/PL/3_GoldDivision/RGB/uart_ram_tft
# Command line: vivado.exe -gui_launcher_event rodinguilauncherevent33472 D:\NEW\TYUT\FPGA\Code\1_Learning\PL\3_GoldDivision\RGB\uart_ram_tft\uart_ram_tft.xpr
# Log file: D:/NEW/TYUT/FPGA/Code/1_Learning/PL/3_GoldDivision/RGB/uart_ram_tft/vivado.log
# Journal file: D:/NEW/TYUT/FPGA/Code/1_Learning/PL/3_GoldDivision/RGB/uart_ram_tft\vivado.jou
#-----------------------------------------------------------
start_gui
open_project D:/NEW/TYUT/FPGA/Code/1_Learning/PL/3_GoldDivision/RGB/uart_ram_tft/uart_ram_tft.xpr
Scanning sources...
Finished scanning sources
INFO: [IP_Flow 19-234] Refreshing IP repositories
INFO: [IP_Flow 19-1704] No user IP repositories specified
INFO: [IP_Flow 19-2313] Loaded Vivado IP repository 'D:/NEW/TYUT/Vivado/Xilinx/Vivado/2018.3/data/ip'.
open_project: Time (s): cpu = 00:00:14 ; elapsed = 00:00:07 . Memory (MB): peak = 812.883 ; gain = 183.859
update_compile_order -fileset sources_1
open_hw
connect_hw_server
INFO: [Labtools 27-2285] Connecting to hw_server url TCP:localhost:3121
INFO: [Labtools 27-2222] Launching hw_server...
INFO: [Labtools 27-2221] Launch Output:

****** Xilinx hw_server v2018.3
  **** Build date : Dec  7 2018-00:40:27
    ** Copyright 1986-2018 Xilinx, Inc. All Rights Reserved.


open_hw_target
INFO: [Labtoolstcl 44-466] Opening hw_target localhost:3121/xilinx_tcf/Digilent/C305B4A1ABCD
open_hw_target: Time (s): cpu = 00:00:03 ; elapsed = 00:00:05 . Memory (MB): peak = 1926.730 ; gain = 915.883
set_property PROGRAM.FILE {D:/NEW/TYUT/FPGA/Code/1_Learning/PL/3_GoldDivision/RGB/uart_ram_tft/uart_ram_tft.runs/impl_1/uart_ram_TFT.bit} [get_hw_devices xc7z015_1]
current_hw_device [get_hw_devices xc7z015_1]
refresh_hw_device -update_hw_probes false [lindex [get_hw_devices xc7z015_1] 0]
INFO: [Labtools 27-1434] Device xc7z015 (JTAG device index = 1) is programmed with a design that has no supported debug core(s) in it.
set_property PROBES.FILE {} [get_hw_devices xc7z015_1]
set_property FULL_PROBES.FILE {} [get_hw_devices xc7z015_1]
set_property PROGRAM.FILE {D:/NEW/TYUT/FPGA/Code/1_Learning/PL/3_GoldDivision/RGB/uart_ram_tft/uart_ram_tft.runs/impl_1/uart_ram_TFT.bit} [get_hw_devices xc7z015_1]
program_hw_devices [get_hw_devices xc7z015_1]
INFO: [Labtools 27-3164] End of startup status: HIGH
refresh_hw_device [lindex [get_hw_devices xc7z015_1] 0]
INFO: [Labtools 27-1434] Device xc7z015 (JTAG device index = 1) is programmed with a design that has no supported debug core(s) in it.
set_property PROBES.FILE {} [get_hw_devices xc7z015_1]
set_property FULL_PROBES.FILE {} [get_hw_devices xc7z015_1]
set_property PROGRAM.FILE {D:/NEW/TYUT/FPGA/Code/1_Learning/PL/3_GoldDivision/RGB/uart_ram_tft/uart_ram_tft.runs/impl_1/uart_ram_TFT.bit} [get_hw_devices xc7z015_1]
program_hw_devices [get_hw_devices xc7z015_1]
INFO: [Labtools 27-3164] End of startup status: HIGH
refresh_hw_device [lindex [get_hw_devices xc7z015_1] 0]
INFO: [Labtools 27-1434] Device xc7z015 (JTAG device index = 1) is programmed with a design that has no supported debug core(s) in it.
close_hw
update_compile_order -fileset sources_1
update_compile_order -fileset sources_1
exit
INFO: [Common 17-206] Exiting Vivado at Fri Mar 29 21:34:00 2024...
