#-----------------------------------------------------------
# Vivado v2018.3 (64-bit)
# SW Build 2405991 on Thu Dec  6 23:38:27 MST 2018
# IP Build 2404404 on Fri Dec  7 01:43:56 MST 2018
# Start of session at: Fri Mar 29 23:34:08 2024
# Process ID: 14504
# Current directory: D:/NEW/TYUT/FPGA/Code/3_Test/ch34_acz7015_rom_image_tft_hdmi800x480
# Command line: vivado.exe -gui_launcher_event rodinguilauncherevent30040 D:\NEW\TYUT\FPGA\Code\3_Test\ch34_acz7015_rom_image_tft_hdmi800x480\rom_image_tft_hdmi.xpr
# Log file: D:/NEW/TYUT/FPGA/Code/3_Test/ch34_acz7015_rom_image_tft_hdmi800x480/vivado.log
# Journal file: D:/NEW/TYUT/FPGA/Code/3_Test/ch34_acz7015_rom_image_tft_hdmi800x480\vivado.jou
#-----------------------------------------------------------
start_gui
open_project D:/NEW/TYUT/FPGA/Code/3_Test/ch34_acz7015_rom_image_tft_hdmi800x480/rom_image_tft_hdmi.xpr
Scanning sources...
Finished scanning sources
INFO: [IP_Flow 19-234] Refreshing IP repositories
INFO: [IP_Flow 19-1704] No user IP repositories specified
INFO: [IP_Flow 19-2313] Loaded Vivado IP repository 'D:/NEW/TYUT/Vivado/Xilinx/Vivado/2018.3/data/ip'.
open_project: Time (s): cpu = 00:00:14 ; elapsed = 00:00:07 . Memory (MB): peak = 800.758 ; gain = 174.559
update_compile_order -fileset sources_1
open_run impl_1
INFO: [Netlist 29-17] Analyzing 115 Unisim elements for replacement
INFO: [Netlist 29-28] Unisim Transformation completed in 1 CPU seconds
INFO: [Project 1-479] Netlist was created with Vivado 2018.3
INFO: [Device 21-403] Loading part xc7z015clg485-2
INFO: [Project 1-570] Preparing netlist for logic optimization
INFO: [Timing 38-478] Restoring timing data from binary archive.
INFO: [Timing 38-479] Binary timing data restore complete.
INFO: [Project 1-856] Restoring constraints from binary archive.
INFO: [Project 1-853] Binary constraint restore complete.
Reading XDEF placement.
Reading placer database...
Reading XDEF routing.
Read XDEF File: Time (s): cpu = 00:00:00 ; elapsed = 00:00:00.172 . Memory (MB): peak = 1778.578 ; gain = 0.000
Restored from archive | CPU: 0.000000 secs | Memory: 0.000000 MB |
Finished XDEF File Restore: Time (s): cpu = 00:00:00 ; elapsed = 00:00:00.173 . Memory (MB): peak = 1778.578 ; gain = 0.000
Netlist sorting complete. Time (s): cpu = 00:00:00 ; elapsed = 00:00:00.001 . Memory (MB): peak = 1778.578 ; gain = 0.000
INFO: [Project 1-111] Unisim Transformation Summary:
  A total of 1 instances were transformed.
  IOBUF => IOBUF (IBUF, OBUFT): 1 instances

open_run: Time (s): cpu = 00:00:27 ; elapsed = 00:00:19 . Memory (MB): peak = 1941.898 ; gain = 923.543
WARNING: [Timing 38-313] There are no user specified timing constraints. Timing constraints are needed for proper timing analysis.
exit
INFO: [Common 17-206] Exiting Vivado at Sat Mar 30 10:00:15 2024...
