#-----------------------------------------------------------
# Vivado v2018.3 (64-bit)
# SW Build 2405991 on Thu Dec  6 23:38:27 MST 2018
# IP Build 2404404 on Fri Dec  7 01:43:56 MST 2018
# Start of session at: Sat Mar 30 14:57:36 2024
# Process ID: 21712
# Current directory: D:/NEW/TYUT/FPGA/Code/1_Learning/PL/3_GoldDivision/RGB/ch34_acz7015_rom_image_tft_hdmi800x480
# Command line: vivado.exe -gui_launcher_event rodinguilauncherevent6848 D:\NEW\TYUT\FPGA\Code\1_Learning\PL\3_GoldDivision\RGB\ch34_acz7015_rom_image_tft_hdmi800x480\rom_image_tft_hdmi.xpr
# Log file: D:/NEW/TYUT/FPGA/Code/1_Learning/PL/3_GoldDivision/RGB/ch34_acz7015_rom_image_tft_hdmi800x480/vivado.log
# Journal file: D:/NEW/TYUT/FPGA/Code/1_Learning/PL/3_GoldDivision/RGB/ch34_acz7015_rom_image_tft_hdmi800x480\vivado.jou
#-----------------------------------------------------------
start_gui
open_project D:/NEW/TYUT/FPGA/Code/1_Learning/PL/3_GoldDivision/RGB/ch34_acz7015_rom_image_tft_hdmi800x480/rom_image_tft_hdmi.xpr
INFO: [ProjectBase 1-489] The host OS only allows 260 characters in a normal path. The project is stored in a path with more than 80 characters. If you experience issues with IP, Block Designs, or files not being found, please consider moving the project to a location with a shorter path. Alternately consider using the OS subst command to map part of the path to a drive letter.
Current project path is 'D:/NEW/TYUT/FPGA/Code/1_Learning/PL/3_GoldDivision/RGB/ch34_acz7015_rom_image_tft_hdmi800x480'
INFO: [Project 1-313] Project file moved from 'D:/NEW/TYUT/FPGA/Code/3_Test/ch34_acz7015_rom_image_tft_hdmi800x480' since last save.
Scanning sources...
Finished scanning sources
INFO: [IP_Flow 19-234] Refreshing IP repositories
INFO: [IP_Flow 19-1704] No user IP repositories specified
INFO: [IP_Flow 19-2313] Loaded Vivado IP repository 'D:/NEW/TYUT/Vivado/Xilinx/Vivado/2018.3/data/ip'.
open_project: Time (s): cpu = 00:00:14 ; elapsed = 00:00:08 . Memory (MB): peak = 804.727 ; gain = 181.230
update_compile_order -fileset sources_1
exit
INFO: [Common 17-206] Exiting Vivado at Sat Mar 30 15:04:20 2024...
