#-----------------------------------------------------------
# Vivado v2018.3 (64-bit)
# SW Build 2405991 on Thu Dec  6 23:38:27 MST 2018
# IP Build 2404404 on Fri Dec  7 01:43:56 MST 2018
# Start of session at: Fri Mar 29 18:03:51 2024
# Process ID: 27316
# Current directory: D:/NEW/TYUT/FPGA/Code/3_Test/source/ch34_acz7015_rom_image_tft_hdmi800x480
# Command line: vivado.exe -gui_launcher_event rodinguilauncherevent37348 D:\NEW\TYUT\FPGA\Code\3_Test\source\ch34_acz7015_rom_image_tft_hdmi800x480\rom_image_tft_hdmi.xpr
# Log file: D:/NEW/TYUT/FPGA/Code/3_Test/source/ch34_acz7015_rom_image_tft_hdmi800x480/vivado.log
# Journal file: D:/NEW/TYUT/FPGA/Code/3_Test/source/ch34_acz7015_rom_image_tft_hdmi800x480\vivado.jou
#-----------------------------------------------------------
start_gui
open_project D:/NEW/TYUT/FPGA/Code/3_Test/source/ch34_acz7015_rom_image_tft_hdmi800x480/rom_image_tft_hdmi.xpr
INFO: [Project 1-313] Project file moved from 'E:/project/ACZ7015/sample_program/ch34_acz702_rom_image_tft_hdmi800x480' since last save.
Scanning sources...
Finished scanning sources
WARNING: [filemgmt 56-2] IPUserFilesDir: Could not find the directory 'D:/NEW/TYUT/FPGA/Code/3_Test/source/ch34_acz7015_rom_image_tft_hdmi800x480/rom_image_tft_hdmi.ip_user_files', nor could it be found using path 'E:/project/ACZ7015/sample_program/ch34_acz702_rom_image_tft_hdmi800x480/rom_image_tft_hdmi.ip_user_files'.
INFO: [IP_Flow 19-234] Refreshing IP repositories
INFO: [IP_Flow 19-1704] No user IP repositories specified
INFO: [IP_Flow 19-2313] Loaded Vivado IP repository 'D:/NEW/TYUT/Vivado/Xilinx/Vivado/2018.3/data/ip'.
open_project: Time (s): cpu = 00:00:15 ; elapsed = 00:00:08 . Memory (MB): peak = 787.559 ; gain = 138.660
update_compile_order -fileset sources_1open_hw
connect_hw_server
INFO: [Labtools 27-2285] Connecting to hw_server url TCP:localhost:3121
open_hw_target
INFO: [Labtoolstcl 44-466] Opening hw_target localhost:3121/xilinx_tcf/Digilent/C305B4A1ABCD
open_hw_target: Time (s): cpu = 00:00:03 ; elapsed = 00:00:05 . Memory (MB): peak = 1776.633 ; gain = 924.461
current_hw_device [get_hw_devices xc7z015_1]
refresh_hw_device -update_hw_probes false [lindex [get_hw_devices xc7z015_1] 0]
INFO: [Labtools 27-1434] Device xc7z015 (JTAG device index = 1) is programmed with a design that has no supported debug core(s) in it.
exit
INFO: [Common 17-206] Exiting Vivado at Fri Mar 29 19:38:42 2024...
