15:04:10 INFO  : Registering command handlers for SDK TCF services
15:04:12 INFO  : Launching XSCT server: xsct.bat -interactive D:\NEW\TYUT\FPGA\Code\1_Learning\PS\1_BronzeDivision\axi_gpio\axi_gpio.sdk\temp_xsdb_launch_script.tcl
15:04:16 INFO  : XSCT server has started successfully.
15:04:21 INFO  : Successfully done setting XSCT server connection channel  
15:04:21 INFO  : Processing command line option -hwspec D:/NEW/TYUT/FPGA/Code/1_Learning/PS/1_BronzeDivision/axi_gpio/axi_gpio.sdk/system_wrapper.hdf.
15:04:21 INFO  : Successfully done setting SDK workspace  
16:12:34 INFO  : Connected to target on host '127.0.0.1' and port '3121'.
16:12:35 INFO  : Jtag cable 'Digilent JTAG-SMT2 C305B4A1ABCD' is selected.
16:12:35 INFO  : 'jtag frequency' command is executed.
16:12:35 INFO  : Sourcing of 'D:/NEW/TYUT/FPGA/Code/1_Learning/PS/1_BronzeDivision/axi_gpio/axi_gpio.sdk/system_wrapper_hw_platform_0/ps7_init.tcl' is done.
16:12:35 INFO  : Context for 'APU' is selected.
16:12:35 INFO  : System reset is completed.
16:12:38 INFO  : 'after 3000' command is executed.
16:12:38 INFO  : 'targets -set -filter {jtag_cable_name =~ "Digilent JTAG-SMT2 C305B4A1ABCD" && level==0} -index 1' command is executed.
16:12:40 INFO  : FPGA configured successfully with bitstream "D:/NEW/TYUT/FPGA/Code/1_Learning/PS/1_BronzeDivision/axi_gpio/axi_gpio.sdk/system_wrapper_hw_platform_0/system_wrapper.bit"
16:12:40 INFO  : Context for 'APU' is selected.
16:12:40 INFO  : Hardware design information is loaded from 'D:/NEW/TYUT/FPGA/Code/1_Learning/PS/1_BronzeDivision/axi_gpio/axi_gpio.sdk/system_wrapper_hw_platform_0/system.hdf'.
16:12:40 INFO  : 'configparams force-mem-access 1' command is executed.
16:12:40 INFO  : Context for 'APU' is selected.
16:12:41 INFO  : 'ps7_init' command is executed.
16:12:41 INFO  : 'ps7_post_config' command is executed.
16:12:41 INFO  : Context for processor 'ps7_cortexa9_0' is selected.
16:12:41 INFO  : The application 'D:/NEW/TYUT/FPGA/Code/1_Learning/PS/1_BronzeDivision/axi_gpio/axi_gpio.sdk/axi_goio/Debug/axi_goio.elf' is downloaded to processor 'ps7_cortexa9_0'.
16:12:41 INFO  : 'configparams force-mem-access 0' command is executed.
16:12:41 INFO  : ----------------XSDB Script----------------
connect -url tcp:127.0.0.1:3121
source D:/NEW/TYUT/FPGA/Code/1_Learning/PS/1_BronzeDivision/axi_gpio/axi_gpio.sdk/system_wrapper_hw_platform_0/ps7_init.tcl
targets -set -nocase -filter {name =~"APU*" && jtag_cable_name =~ "Digilent JTAG-SMT2 C305B4A1ABCD"} -index 0
rst -system
after 3000
targets -set -filter {jtag_cable_name =~ "Digilent JTAG-SMT2 C305B4A1ABCD" && level==0} -index 1
fpga -file D:/NEW/TYUT/FPGA/Code/1_Learning/PS/1_BronzeDivision/axi_gpio/axi_gpio.sdk/system_wrapper_hw_platform_0/system_wrapper.bit
targets -set -nocase -filter {name =~"APU*" && jtag_cable_name =~ "Digilent JTAG-SMT2 C305B4A1ABCD"} -index 0
loadhw -hw D:/NEW/TYUT/FPGA/Code/1_Learning/PS/1_BronzeDivision/axi_gpio/axi_gpio.sdk/system_wrapper_hw_platform_0/system.hdf -mem-ranges [list {0x40000000 0xbfffffff}]
configparams force-mem-access 1
targets -set -nocase -filter {name =~"APU*" && jtag_cable_name =~ "Digilent JTAG-SMT2 C305B4A1ABCD"} -index 0
ps7_init
ps7_post_config
targets -set -nocase -filter {name =~ "ARM*#0" && jtag_cable_name =~ "Digilent JTAG-SMT2 C305B4A1ABCD"} -index 0
dow D:/NEW/TYUT/FPGA/Code/1_Learning/PS/1_BronzeDivision/axi_gpio/axi_gpio.sdk/axi_goio/Debug/axi_goio.elf
configparams force-mem-access 0
----------------End of Script----------------

16:12:41 INFO  : Context for processor 'ps7_cortexa9_0' is selected.
16:12:41 INFO  : 'con' command is executed.
16:12:41 INFO  : ----------------XSDB Script (After Launch)----------------
targets -set -nocase -filter {name =~ "ARM*#0" && jtag_cable_name =~ "Digilent JTAG-SMT2 C305B4A1ABCD"} -index 0
con
----------------End of Script----------------

16:12:41 INFO  : Disconnected from the channel tcfchan#1.
16:01:46 INFO  : Registering command handlers for SDK TCF services
16:01:47 INFO  : Launching XSCT server: xsct.bat -interactive D:\NEW\TYUT\FPGA\Code\1_Learning\PS\1_BronzeDivision\axi_gpio\axi_gpio.sdk\temp_xsdb_launch_script.tcl
16:01:50 INFO  : XSCT server has started successfully.
16:01:50 INFO  : Successfully done setting XSCT server connection channel  
16:01:50 INFO  : Successfully done setting SDK workspace  
16:01:50 INFO  : Processing command line option -hwspec D:/NEW/TYUT/FPGA/Code/1_Learning/PS/1_BronzeDivision/axi_gpio/axi_gpio.sdk/system_wrapper.hdf.
16:01:50 INFO  : Checking for hwspec changes in the project system_wrapper_hw_platform_0.
