# do {demo_tb_compile.do}
# Model Technology ModelSim SE-64 vmap 10.6d Lib Mapping Utility 2018.02 Feb 24 2018
# vmap xil_defaultlib modelsim_lib/msim/xil_defaultlib 
# Modifying modelsim.ini
# ** Warning: (vlog-159) Mode option -64 is not supported in this context and will be ignored.
# Model Technology ModelSim SE-64 vlog 10.6d Compiler 2018.02 Feb 24 2018
# Start time: 11:11:44 on Mar 27,2024
# vlog -64 -incr -work xil_defaultlib "+incdir+../../../../imports" ../../../../jesd204_0_ex.srcs/sources_1/ip/jesd204_0/ip_0/ip_0/jesd204_0_phy_gt/example_design/jesd204_0_phy_gt_tx_startup_fsm.v ../../../../jesd204_0_ex.srcs/sources_1/ip/jesd204_0/ip_0/ip_0/jesd204_0_phy_gt/example_design/jesd204_0_phy_gt_rx_startup_fsm.v ../../../../jesd204_0_ex.srcs/sources_1/ip/jesd204_0/ip_0/ip_0/jesd204_0_phy_gt_init.v ../../../../jesd204_0_ex.srcs/sources_1/ip/jesd204_0/ip_0/ip_0/jesd204_0_phy_gt_cpll_railing.v ../../../../jesd204_0_ex.srcs/sources_1/ip/jesd204_0/ip_0/ip_0/jesd204_0_phy_gt_gt.v ../../../../jesd204_0_ex.srcs/sources_1/ip/jesd204_0/ip_0/ip_0/jesd204_0_phy_gt_multi_gt.v ../../../../jesd204_0_ex.srcs/sources_1/ip/jesd204_0/ip_0/ip_0/jesd204_0_phy_gt/example_design/jesd204_0_phy_gt_sync_block.v ../../../../jesd204_0_ex.srcs/sources_1/ip/jesd204_0/ip_0/ip_0/jesd204_0_phy_gt.v ../../../../jesd204_0_ex.srcs/sources_1/ip/jesd204_0/ip_0/synth/jesd204_0_phy_block.v ../../../../jesd204_0_ex.srcs/sources_1/ip/jesd204_0/ip_0/synth/jesd204_0_phy_sync_block.v ../../../../jesd204_0_ex.srcs/sources_1/ip/jesd204_0/ip_0/synth/jesd204_0_phy_support.v ../../../../jesd204_0_ex.srcs/sources_1/ip/jesd204_0/ip_0/synth/jesd204_0_phy_gt_common_wrapper.v ../../../../jesd204_0_ex.srcs/sources_1/ip/jesd204_0/ip_0/synth/jesd204_0_phy_gtwizard_0_common.v ../../../../jesd204_0_ex.srcs/sources_1/ip/jesd204_0/ip_0/synth/jesd204_0_phy.v ../../../../jesd204_0_ex.srcs/sources_1/ip/jesd204_0/synth/jesd204_0_clocking.v ../../../../jesd204_0_ex.srcs/sources_1/ip/jesd204_0/synth/jesd204_0_support.v ../../../../jesd204_0_ex.srcs/sources_1/ip/jesd204_0/synth/jesd204_0_block.v ../../../../jesd204_0_ex.srcs/sources_1/ip/jesd204_0/synth/axi_ipif/jesd204_0_address_decoder.v ../../../../jesd204_0_ex.srcs/sources_1/ip/jesd204_0/synth/jesd204_0_register_decode.v ../../../../jesd204_0_ex.srcs/sources_1/ip/jesd204_0/synth/axi_ipif/jesd204_0_axi_lite_ipif.v ../../../../jesd204_0_ex.srcs/sources_1/ip/jesd204_0/synth/axi_ipif/jesd204_0_counter_f.v ../../../../jesd204_0_ex.srcs/sources_1/ip/jesd204_0/synth/axi_ipif/jesd204_0_pselect_f.v ../../../../jesd204_0_ex.srcs/sources_1/ip/jesd204_0/synth/axi_ipif/jesd204_0_slave_attachment.v ../../../../jesd204_0_ex.srcs/sources_1/ip/jesd204_0/synth/jesd204_0_count_err.v ../../../../jesd204_0_ex.srcs/sources_1/ip/jesd204_0/synth/jesd204_0_reset_block.v ../../../../jesd204_0_ex.srcs/sources_1/ip/jesd204_0/synth/jesd204_0.v ../../../../imports/jesd204_0_example_design.v ../../../../imports/jesd204_0_sig_chk.v ../../../../imports/jesd204_0_transport_layer_demapper.v ../../../../imports/demo_tb.v 
# -- Compiling module jesd204_0_phy_gt_TX_STARTUP_FSM
# -- Compiling module jesd204_0_phy_gt_RX_STARTUP_FSM
# -- Compiling module jesd204_0_phy_gt_init
# -- Compiling module jesd204_0_phy_gt_cpll_railing
# -- Compiling module jesd204_0_phy_gt_GT
# -- Compiling module jesd204_0_phy_gt_multi_gt
# -- Compiling module jesd204_0_phy_gt_sync_block
# -- Compiling module jesd204_0_phy_gt
# -- Compiling module jesd204_0_phy_block
# -- Compiling module jesd204_0_phy_sync_block
# -- Compiling module jesd204_0_phy_support
# -- Compiling module jesd204_0_phy_gt_common_wrapper
# -- Compiling module jesd204_0_phy_gtwizard_0_common
# -- Compiling module jesd204_0_phy
# -- Compiling module jesd204_0_clocking
# -- Compiling module jesd204_0_support
# -- Compiling module jesd204_0_block
# -- Compiling module jesd204_0_address_decoder
# -- Compiling module jesd204_0_register_decode
# -- Compiling module jesd204_0_axi_lite_ipif
# -- Compiling module jesd204_0_counter_f
# -- Compiling module jesd204_0_pselect_f
# -- Compiling module jesd204_0_slave_attachment
# -- Compiling module jesd204_0_count_err
# -- Compiling module jesd204_0_reset_block
# -- Compiling module jesd204_0
# -- Compiling module jesd204_0_example_design
# ** Warning: ../../../../imports/jesd204_0_sig_chk.v(333): (vlog-2600) [RDGN] - Redundant digits in numeric literal.
# ** Warning: ../../../../imports/jesd204_0_sig_chk.v(334): (vlog-2600) [RDGN] - Redundant digits in numeric literal.
# ** Warning: ../../../../imports/jesd204_0_sig_chk.v(339): (vlog-2600) [RDGN] - Redundant digits in numeric literal.
# ** Warning: ../../../../imports/jesd204_0_sig_chk.v(340): (vlog-2600) [RDGN] - Redundant digits in numeric literal.
# ** Warning: ../../../../imports/jesd204_0_sig_chk.v(345): (vlog-2600) [RDGN] - Redundant digits in numeric literal.
# ** Warning: ../../../../imports/jesd204_0_sig_chk.v(346): (vlog-2600) [RDGN] - Redundant digits in numeric literal.
# -- Compiling module jesd204_0_sig_chk
# -- Compiling module jesd204_0_transport_layer_demapper
# -- Compiling module demo_tb
# 
# Top level modules:
# 	demo_tb
# End time: 11:11:44 on Mar 27,2024, Elapsed time: 0:00:00
# Errors: 0, Warnings: 7
# Model Technology ModelSim SE-64 vlog 10.6d Compiler 2018.02 Feb 24 2018
# Start time: 11:11:44 on Mar 27,2024
# vlog -work xil_defaultlib glbl.v 
# -- Compiling module glbl
# 
# Top level modules:
# 	glbl
# End time: 11:11:44 on Mar 27,2024, Elapsed time: 0:00:00
# Errors: 0, Warnings: 0
