#-----------------------------------------------------------
# Vivado v2018.3 (64-bit)
# SW Build 2405991 on Thu Dec  6 23:38:27 MST 2018
# IP Build 2404404 on Fri Dec  7 01:43:56 MST 2018
# Start of session at: Fri Mar 15 11:10:29 2024
# Process ID: 16344
# Current directory: D:/NEW/TYUT/FPGA/Project/4_PlatnumDivision/Ethernet/ch60_acz7015_eth_udp_loopback_rgmii
# Command line: vivado.exe -gui_launcher_event rodinguilauncherevent9984 D:\NEW\TYUT\FPGA\Project\4_PlatnumDivision\Ethernet\ch60_acz7015_eth_udp_loopback_rgmii\eth_udp_loopback_rgmii.xpr
# Log file: D:/NEW/TYUT/FPGA/Project/4_PlatnumDivision/Ethernet/ch60_acz7015_eth_udp_loopback_rgmii/vivado.log
# Journal file: D:/NEW/TYUT/FPGA/Project/4_PlatnumDivision/Ethernet/ch60_acz7015_eth_udp_loopback_rgmii\vivado.jou
#-----------------------------------------------------------
start_gui
open_project D:/NEW/TYUT/FPGA/Project/4_PlatnumDivision/Ethernet/ch60_acz7015_eth_udp_loopback_rgmii/eth_udp_loopback_rgmii.xpr
INFO: [ProjectBase 1-489] The host OS only allows 260 characters in a normal path. The project is stored in a path with more than 80 characters. If you experience issues with IP, Block Designs, or files not being found, please consider moving the project to a location with a shorter path. Alternately consider using the OS subst command to map part of the path to a drive letter.
Current project path is 'D:/NEW/TYUT/FPGA/Project/4_PlatnumDivision/Ethernet/ch60_acz7015_eth_udp_loopback_rgmii'
INFO: [Project 1-313] Project file moved from 'E:/project/ACZ7015/sample_program/ch50_acz7015_udp_rgmii/eth_udp_loopback_rgmii.xpr' since last save.
Scanning sources...
Finished scanning sources
WARNING: [filemgmt 56-2] IPUserFilesDir: Could not find the directory 'D:/NEW/TYUT/FPGA/Project/4_PlatnumDivision/Ethernet/ch60_acz7015_eth_udp_loopback_rgmii/eth_udp_loopback_rgmii.ip_user_files', nor could it be found using path 'E:/project/ACZ7015/sample_program/ch50_acz7015_udp_rgmii/eth_udp_loopback_rgmii.xpr/eth_udp_loopback_rgmii.ip_user_files'.
INFO: [IP_Flow 19-234] Refreshing IP repositories
INFO: [IP_Flow 19-1704] No user IP repositories specified
INFO: [IP_Flow 19-2313] Loaded Vivado IP repository 'D:/NEW/TYUT/Vivado/Xilinx/Vivado/2018.3/data/ip'.
open_project: Time (s): cpu = 00:00:34 ; elapsed = 00:00:23 . Memory (MB): peak = 778.496 ; gain = 192.398
update_compile_order -fileset sources_1
exit
INFO: [Common 17-206] Exiting Vivado at Fri Mar 15 15:12:34 2024...
