17:39:40 **** Auto Build of configuration Debug for project axi_goio ****
make pre-build main-build 
a9-linaro-pre-build-step
' '
'Building file: ../src/main.c'
'Invoking: ARM v7 gcc compiler'
arm-none-eabi-gcc -Wall -O0 -g3 -I../../axi_goio_bsp/ps7_cortexa9_0/include -I"D:\NEW\TYUT\FPGA\Code\1_Learning\PS\1_BronzeDivision\axi_gpio\axi_gpio.sdk\axi_goio\src" -I"D:\NEW\TYUT\FPGA\Code\1_Learning\PS\1_BronzeDivision\axi_gpio\axi_gpio.sdk\axi_goio\ACZ7015_Lib\SCU" -I"D:\NEW\TYUT\FPGA\Code\1_Learning\PS\1_BronzeDivision\axi_gpio\axi_gpio.sdk\axi_goio\ACZ7015_Lib\AXI_GPIO" -c -fmessage-length=0 -MT"src/main.o" -mcpu=cortex-a9 -mfpu=vfpv3 -mfloat-abi=hard -MMD -MP -MF"src/main.d" -MT"src/main.o" -o "src/main.o" "../src/main.c"
'Finished building: ../src/main.c'
' '
'Building target: axi_goio.elf'
'Invoking: ARM v7 gcc linker'
arm-none-eabi-gcc -mcpu=cortex-a9 -mfpu=vfpv3 -mfloat-abi=hard -Wl,-build-id=none -specs=Xilinx.spec -Wl,-T -Wl,../src/lscript.ld -L../../axi_goio_bsp/ps7_cortexa9_0/lib -o "axi_goio.elf"  ./src/COMMON.o ./src/ISR.o ./src/main.o  ./ACZ7015_Lib/SCU/SCU_GIC.o ./ACZ7015_Lib/SCU/SCU_TIMER.o  ./ACZ7015_Lib/AXI_GPIO/AXI_GPIO.o   -Wl,--start-group,-lxil,-lgcc,-lc,--end-group
'Finished building target: axi_goio.elf'
' '
'Invoking: ARM v7 Print Size'
arm-none-eabi-size axi_goio.elf  |tee "axi_goio.elf.size"
   text	   data	    bss	    dec	    hex	filename
  27088	   1944	  22632	  51664	   c9d0	axi_goio.elf
'Finished building: axi_goio.elf.size'
' '

17:39:43 Build Finished (took 3s.146ms)

