16:12:13 INFO  : Registering command handlers for SDK TCF services
16:12:15 INFO  : Launching XSCT server: xsct.bat -interactive D:\NEW\TYUT\FPGA\Code\1_Learning\PS\1_BronzeDivision\spi_adc\spi_adc.sdk\temp_xsdb_launch_script.tcl
16:12:19 INFO  : XSCT server has started successfully.
16:12:23 INFO  : Successfully done setting XSCT server connection channel  
16:12:23 INFO  : Successfully done setting SDK workspace  
16:12:23 INFO  : Processing command line option -hwspec D:/NEW/TYUT/FPGA/Code/1_Learning/PS/1_BronzeDivision/spi_adc/spi_adc.sdk/system_wrapper.hdf.
17:49:14 INFO  : Connected to target on host '127.0.0.1' and port '3121'.
17:49:15 INFO  : Jtag cable 'Digilent JTAG-SMT2 C305B4A1ABCD' is selected.
17:49:15 INFO  : 'jtag frequency' command is executed.
17:49:15 INFO  : Sourcing of 'D:/NEW/TYUT/FPGA/Code/1_Learning/PS/1_BronzeDivision/spi_adc/spi_adc.sdk/system_wrapper_hw_platform_0/ps7_init.tcl' is done.
17:49:15 INFO  : Context for 'APU' is selected.
17:49:15 INFO  : System reset is completed.
17:49:18 INFO  : 'after 3000' command is executed.
17:49:18 INFO  : 'targets -set -filter {jtag_cable_name =~ "Digilent JTAG-SMT2 C305B4A1ABCD" && level==0} -index 1' command is executed.
17:49:20 INFO  : FPGA configured successfully with bitstream "D:/NEW/TYUT/FPGA/Code/1_Learning/PS/1_BronzeDivision/spi_adc/spi_adc.sdk/system_wrapper_hw_platform_0/system_wrapper.bit"
17:49:20 INFO  : Context for 'APU' is selected.
17:49:20 INFO  : Hardware design information is loaded from 'D:/NEW/TYUT/FPGA/Code/1_Learning/PS/1_BronzeDivision/spi_adc/spi_adc.sdk/system_wrapper_hw_platform_0/system.hdf'.
17:49:20 INFO  : 'configparams force-mem-access 1' command is executed.
17:49:20 INFO  : Context for 'APU' is selected.
17:49:20 INFO  : 'ps7_init' command is executed.
17:49:20 INFO  : 'ps7_post_config' command is executed.
17:49:20 INFO  : Context for processor 'ps7_cortexa9_0' is selected.
17:49:21 INFO  : The application 'D:/NEW/TYUT/FPGA/Code/1_Learning/PS/1_BronzeDivision/spi_adc/spi_adc.sdk/spi_adc/Debug/spi_adc.elf' is downloaded to processor 'ps7_cortexa9_0'.
17:49:21 INFO  : 'configparams force-mem-access 0' command is executed.
17:49:21 INFO  : ----------------XSDB Script----------------
connect -url tcp:127.0.0.1:3121
source D:/NEW/TYUT/FPGA/Code/1_Learning/PS/1_BronzeDivision/spi_adc/spi_adc.sdk/system_wrapper_hw_platform_0/ps7_init.tcl
targets -set -nocase -filter {name =~"APU*" && jtag_cable_name =~ "Digilent JTAG-SMT2 C305B4A1ABCD"} -index 0
rst -system
after 3000
targets -set -filter {jtag_cable_name =~ "Digilent JTAG-SMT2 C305B4A1ABCD" && level==0} -index 1
fpga -file D:/NEW/TYUT/FPGA/Code/1_Learning/PS/1_BronzeDivision/spi_adc/spi_adc.sdk/system_wrapper_hw_platform_0/system_wrapper.bit
targets -set -nocase -filter {name =~"APU*" && jtag_cable_name =~ "Digilent JTAG-SMT2 C305B4A1ABCD"} -index 0
loadhw -hw D:/NEW/TYUT/FPGA/Code/1_Learning/PS/1_BronzeDivision/spi_adc/spi_adc.sdk/system_wrapper_hw_platform_0/system.hdf -mem-ranges [list {0x40000000 0xbfffffff}]
configparams force-mem-access 1
targets -set -nocase -filter {name =~"APU*" && jtag_cable_name =~ "Digilent JTAG-SMT2 C305B4A1ABCD"} -index 0
ps7_init
ps7_post_config
targets -set -nocase -filter {name =~ "ARM*#0" && jtag_cable_name =~ "Digilent JTAG-SMT2 C305B4A1ABCD"} -index 0
dow D:/NEW/TYUT/FPGA/Code/1_Learning/PS/1_BronzeDivision/spi_adc/spi_adc.sdk/spi_adc/Debug/spi_adc.elf
configparams force-mem-access 0
----------------End of Script----------------

17:49:21 INFO  : Context for processor 'ps7_cortexa9_0' is selected.
17:49:21 INFO  : 'con' command is executed.
17:49:21 INFO  : ----------------XSDB Script (After Launch)----------------
targets -set -nocase -filter {name =~ "ARM*#0" && jtag_cable_name =~ "Digilent JTAG-SMT2 C305B4A1ABCD"} -index 0
con
----------------End of Script----------------

17:49:21 INFO  : Disconnected from the channel tcfchan#1.
