# do {dds_ad9767_tb_compile.do}
# ** Warning: (vlib-34) Library already exists at "modelsim_lib/work".
# ** Warning: (vlib-34) Library already exists at "modelsim_lib/msim".
# ** Warning: (vlib-34) Library already exists at "modelsim_lib/msim/xil_defaultlib".
# ** Warning: (vlib-34) Library already exists at "modelsim_lib/msim/xpm".
# ** Warning: (vlib-34) Library already exists at "modelsim_lib/msim/blk_mem_gen_v8_4_2".
# Model Technology ModelSim SE-64 vmap 10.6d Lib Mapping Utility 2018.02 Feb 24 2018
# vmap xil_defaultlib modelsim_lib/msim/xil_defaultlib 
# Modifying modelsim.ini
# Model Technology ModelSim SE-64 vmap 10.6d Lib Mapping Utility 2018.02 Feb 24 2018
# vmap xpm modelsim_lib/msim/xpm 
# Modifying modelsim.ini
# Model Technology ModelSim SE-64 vmap 10.6d Lib Mapping Utility 2018.02 Feb 24 2018
# vmap blk_mem_gen_v8_4_2 modelsim_lib/msim/blk_mem_gen_v8_4_2 
# Modifying modelsim.ini
# ** Warning: (vlog-159) Mode option -64 is not supported in this context and will be ignored.
# Model Technology ModelSim SE-64 vlog 10.6d Compiler 2018.02 Feb 24 2018
# Start time: 15:08:13 on Mar 24,2024
# vlog -64 -incr -sv -work xil_defaultlib D:/NEW/TYUT/Vivado/Xilinx/Vivado/2018.3/data/ip/xpm/xpm_memory/hdl/xpm_memory.sv 
# -- Skipping module xpm_memory_base
# -- Skipping module asym_bwe_bb
# -- Skipping module xpm_memory_dpdistram
# -- Skipping module xpm_memory_dprom
# -- Skipping module xpm_memory_sdpram
# -- Skipping module xpm_memory_spram
# -- Skipping module xpm_memory_sprom
# -- Skipping module xpm_memory_tdpram
# 
# Top level modules:
# 	xpm_memory_dpdistram
# 	xpm_memory_dprom
# 	xpm_memory_sdpram
# 	xpm_memory_spram
# 	xpm_memory_sprom
# 	xpm_memory_tdpram
# End time: 15:08:13 on Mar 24,2024, Elapsed time: 0:00:00
# Errors: 0, Warnings: 1
# ** Warning: (vcom-159) Mode option -64 is not supported in this context and will be ignored.
# Model Technology ModelSim SE-64 vcom 10.6d Compiler 2018.02 Feb 24 2018
# Start time: 15:08:13 on Mar 24,2024
# vcom -64 -93 -work xpm D:/NEW/TYUT/Vivado/Xilinx/Vivado/2018.3/data/ip/xpm/xpm_VCOMP.vhd 
# -- Loading package STANDARD
# -- Loading package TEXTIO
# -- Loading package std_logic_1164
# -- Compiling package VCOMPONENTS
# End time: 15:08:14 on Mar 24,2024, Elapsed time: 0:00:01
# Errors: 0, Warnings: 1
# ** Warning: (vlog-159) Mode option -64 is not supported in this context and will be ignored.
# Model Technology ModelSim SE-64 vlog 10.6d Compiler 2018.02 Feb 24 2018
# Start time: 15:08:14 on Mar 24,2024
# vlog -64 -incr -work blk_mem_gen_v8_4_2 ../../../../dds_ad9767.ip_user_files/ipstatic/simulation/blk_mem_gen_v8_4.v 
# -- Skipping module STATE_LOGIC_v8_4
# -- Skipping module beh_vlog_muxf7_v8_4
# -- Skipping module beh_vlog_ff_clr_v8_4
# -- Skipping module beh_vlog_ff_pre_v8_4
# -- Skipping module beh_vlog_ff_ce_clr_v8_4
# -- Skipping module write_netlist_v8_4
# -- Skipping module read_netlist_v8_4
# -- Skipping module blk_mem_axi_write_wrapper_beh_v8_4
# -- Skipping module blk_mem_axi_read_wrapper_beh_v8_4
# -- Skipping module blk_mem_axi_regs_fwd_v8_4
# -- Skipping module blk_mem_gen_v8_4_2_output_stage
# -- Skipping module blk_mem_gen_v8_4_2_softecc_output_reg_stage
# -- Skipping module blk_mem_gen_v8_4_2_mem_module
# -- Skipping module blk_mem_gen_v8_4_2
# 
# Top level modules:
# 	blk_mem_gen_v8_4_2
# End time: 15:08:14 on Mar 24,2024, Elapsed time: 0:00:00
# Errors: 0, Warnings: 1
# ** Warning: (vlog-159) Mode option -64 is not supported in this context and will be ignored.
# Model Technology ModelSim SE-64 vlog 10.6d Compiler 2018.02 Feb 24 2018
# Start time: 15:08:14 on Mar 24,2024
# vlog -64 -incr -work xil_defaultlib ../../../../dds_ad9767.srcs/sources_1/ip/triangular_rom/sim/triangular_rom.v ../../../../dds_ad9767.srcs/sources_1/ip/square_rom/sim/square_rom.v ../../../../dds_ad9767.srcs/sources_1/ip/sine_rom/sim/sine_rom.v ../../../../dds_ad9767.srcs/sources_1/imports/new/dds.v ../../../../dds_ad9767.srcs/sources_1/new/dds_ad9767.v ../../../../dds_ad9767.srcs/sources_1/imports/new/key_filter.v ../../../../dds_ad9767.srcs/sim_1/new/dds_ad9767_tb.v 
# -- Skipping module triangular_rom
# -- Skipping module square_rom
# -- Skipping module sine_rom
# -- Skipping module dds
# -- Skipping module dds_ad9767
# -- Skipping module key_filter
# -- Compiling module dds_ad9767_tb
# 
# Top level modules:
# 	dds_ad9767_tb
# End time: 15:08:14 on Mar 24,2024, Elapsed time: 0:00:00
# Errors: 0, Warnings: 1
# Model Technology ModelSim SE-64 vlog 10.6d Compiler 2018.02 Feb 24 2018
# Start time: 15:08:15 on Mar 24,2024
# vlog -work xil_defaultlib glbl.v 
# -- Compiling module glbl
# 
# Top level modules:
# 	glbl
# End time: 15:08:15 on Mar 24,2024, Elapsed time: 0:00:00
# Errors: 0, Warnings: 0
