
*** Running vivado
    with args -log digital_tube_hc595.vds -m64 -product Vivado -mode batch -messageDb vivado.pb -notrace -source digital_tube_hc595.tcl


****** Vivado v2018.3 (64-bit)
  **** SW Build 2405991 on Thu Dec  6 23:38:27 MST 2018
  **** IP Build 2404404 on Fri Dec  7 01:43:56 MST 2018
    ** Copyright 1986-2018 Xilinx, Inc. All Rights Reserved.

source digital_tube_hc595.tcl -notrace
Command: synth_design -top digital_tube_hc595 -part xc7z015clg485-2
Starting synth_design
Attempting to get a license for feature 'Synthesis' and/or device 'xc7z015'
INFO: [Common 17-349] Got license for feature 'Synthesis' and/or device 'xc7z015'
INFO: Launching helper process for spawning children vivado processes
INFO: Helper process launched with PID 21572 
---------------------------------------------------------------------------------
Starting Synthesize : Time (s): cpu = 00:00:02 ; elapsed = 00:00:02 . Memory (MB): peak = 431.215 ; gain = 99.273
---------------------------------------------------------------------------------
INFO: [Synth 8-6157] synthesizing module 'digital_tube_hc595' [D:/NEW/TYUT/FPGA/Code/1_Learning/PL/2_SilverDivision/数码管显示/digital_tube_hc595/digital_tube_hc595.srcs/sources_1/new/digital_tube_hc595.v:1]
INFO: [Synth 8-6157] synthesizing module 'digital_tube' [D:/NEW/TYUT/FPGA/Code/1_Learning/PL/2_SilverDivision/数码管显示/digital_tube_hc595/digital_tube_hc595.srcs/sources_1/imports/Project/digital_tube/digital_tube.srcs/sources_1/new/digital_tube.v:1]
	Parameter FREQUENCY bound to: 50000000 - type: integer 
	Parameter TURN_FREQUENCY bound to: 1000 - type: integer 
	Parameter INTERVAL bound to: 50000 - type: integer 
INFO: [Synth 8-6155] done synthesizing module 'digital_tube' (1#1) [D:/NEW/TYUT/FPGA/Code/1_Learning/PL/2_SilverDivision/数码管显示/digital_tube_hc595/digital_tube_hc595.srcs/sources_1/imports/Project/digital_tube/digital_tube.srcs/sources_1/new/digital_tube.v:1]
INFO: [Synth 8-6157] synthesizing module 'hc595_driver' [D:/NEW/TYUT/FPGA/Code/1_Learning/PL/2_SilverDivision/数码管显示/digital_tube_hc595/digital_tube_hc595.srcs/sources_1/imports/Project/hc595_driver/hc595_driver.srcs/sources_1/new/hc595_driver.v:1]
	Parameter FREQUENCY bound to: 50000000 - type: integer 
	Parameter SRCLK_FREQUENCY bound to: 12500000 - type: integer 
	Parameter SRCLK_TURN_INTERVAL bound to: 2 - type: integer 
INFO: [Synth 8-155] case statement is not full and has no default [D:/NEW/TYUT/FPGA/Code/1_Learning/PL/2_SilverDivision/数码管显示/digital_tube_hc595/digital_tube_hc595.srcs/sources_1/imports/Project/hc595_driver/hc595_driver.srcs/sources_1/new/hc595_driver.v:42]
INFO: [Synth 8-155] case statement is not full and has no default [D:/NEW/TYUT/FPGA/Code/1_Learning/PL/2_SilverDivision/数码管显示/digital_tube_hc595/digital_tube_hc595.srcs/sources_1/imports/Project/hc595_driver/hc595_driver.srcs/sources_1/new/hc595_driver.v:68]
INFO: [Synth 8-6155] done synthesizing module 'hc595_driver' (2#1) [D:/NEW/TYUT/FPGA/Code/1_Learning/PL/2_SilverDivision/数码管显示/digital_tube_hc595/digital_tube_hc595.srcs/sources_1/imports/Project/hc595_driver/hc595_driver.srcs/sources_1/new/hc595_driver.v:1]
INFO: [Synth 8-6155] done synthesizing module 'digital_tube_hc595' (3#1) [D:/NEW/TYUT/FPGA/Code/1_Learning/PL/2_SilverDivision/数码管显示/digital_tube_hc595/digital_tube_hc595.srcs/sources_1/new/digital_tube_hc595.v:1]
TclStackFree: incorrect freePtr. Call out of sequence?
