#-----------------------------------------------------------
# Vivado v2018.3 (64-bit)
# SW Build 2405991 on Thu Dec  6 23:38:27 MST 2018
# IP Build 2404404 on Fri Dec  7 01:43:56 MST 2018
# Start of session at: Thu Apr  4 15:27:53 2024
# Process ID: 4284
# Current directory: D:/NEW/TYUT/FPGA/Code/1_Learning/PS/1_BronzeDivision/gpio_interrupt
# Command line: vivado.exe -gui_launcher_event rodinguilauncherevent22172 D:\NEW\TYUT\FPGA\Code\1_Learning\PS\1_BronzeDivision\gpio_interrupt\gpio_interrupt.xpr
# Log file: D:/NEW/TYUT/FPGA/Code/1_Learning/PS/1_BronzeDivision/gpio_interrupt/vivado.log
# Journal file: D:/NEW/TYUT/FPGA/Code/1_Learning/PS/1_BronzeDivision/gpio_interrupt\vivado.jou
#-----------------------------------------------------------
start_gui
open_project D:/NEW/TYUT/FPGA/Code/1_Learning/PS/1_BronzeDivision/gpio_interrupt/gpio_interrupt.xpr
Scanning sources...
Finished scanning sources
INFO: [IP_Flow 19-234] Refreshing IP repositories
INFO: [IP_Flow 19-1704] No user IP repositories specified
INFO: [IP_Flow 19-2313] Loaded Vivado IP repository 'D:/NEW/TYUT/Vivado/Xilinx/Vivado/2018.3/data/ip'.
open_project: Time (s): cpu = 00:00:22 ; elapsed = 00:00:14 . Memory (MB): peak = 771.488 ; gain = 175.887
update_compile_order -fileset sources_1
launch_sdk -workspace D:/NEW/TYUT/FPGA/Code/1_Learning/PS/1_BronzeDivision/gpio_interrupt/gpio_interrupt.sdk -hwspec D:/NEW/TYUT/FPGA/Code/1_Learning/PS/1_BronzeDivision/gpio_interrupt/gpio_interrupt.sdk/system_wrapper.hdf
INFO: [Vivado 12-393] Launching SDK...
INFO: [Vivado 12-417] Running xsdk -workspace D:/NEW/TYUT/FPGA/Code/1_Learning/PS/1_BronzeDivision/gpio_interrupt/gpio_interrupt.sdk -hwspec D:/NEW/TYUT/FPGA/Code/1_Learning/PS/1_BronzeDivision/gpio_interrupt/gpio_interrupt.sdk/system_wrapper.hdf
INFO: [Vivado 12-3157] SDK launch initiated. Please check console for any further messages.
file copy -force D:/NEW/TYUT/FPGA/Code/1_Learning/PS/1_BronzeDivision/gpio_interrupt/gpio_interrupt.runs/impl_1/system_wrapper.sysdef D:/NEW/TYUT/FPGA/Code/1_Learning/PS/1_BronzeDivision/gpio_interrupt/gpio_interrupt.sdk/system_wrapper.hdf

generate_target all [get_files  D:/NEW/TYUT/FPGA/Code/1_Learning/PS/1_BronzeDivision/gpio_interrupt/gpio_interrupt.srcs/sources_1/bd/system/system.bd]
INFO: [BD 41-1637] Generated targets are already up-to-date for bd-design 'system' - hence not re-generating.
export_ip_user_files -of_objects [get_files D:/NEW/TYUT/FPGA/Code/1_Learning/PS/1_BronzeDivision/gpio_interrupt/gpio_interrupt.srcs/sources_1/bd/system/system.bd] -no_script -sync -force -quiet
create_ip_run [get_files -of_objects [get_fileset sources_1] D:/NEW/TYUT/FPGA/Code/1_Learning/PS/1_BronzeDivision/gpio_interrupt/gpio_interrupt.srcs/sources_1/bd/system/system.bd]
export_simulation -of_objects [get_files D:/NEW/TYUT/FPGA/Code/1_Learning/PS/1_BronzeDivision/gpio_interrupt/gpio_interrupt.srcs/sources_1/bd/system/system.bd] -directory D:/NEW/TYUT/FPGA/Code/1_Learning/PS/1_BronzeDivision/gpio_interrupt/gpio_interrupt.ip_user_files/sim_scripts -ip_user_files_dir D:/NEW/TYUT/FPGA/Code/1_Learning/PS/1_BronzeDivision/gpio_interrupt/gpio_interrupt.ip_user_files -ipstatic_source_dir D:/NEW/TYUT/FPGA/Code/1_Learning/PS/1_BronzeDivision/gpio_interrupt/gpio_interrupt.ip_user_files/ipstatic -lib_map_path [list {modelsim=D:/NEW/TYUT/FPGA/Vivado/Vivado_library} {questa=D:/NEW/TYUT/FPGA/Code/1_Learning/PS/1_BronzeDivision/gpio_interrupt/gpio_interrupt.cache/compile_simlib/questa} {riviera=D:/NEW/TYUT/FPGA/Code/1_Learning/PS/1_BronzeDivision/gpio_interrupt/gpio_interrupt.cache/compile_simlib/riviera} {activehdl=D:/NEW/TYUT/FPGA/Code/1_Learning/PS/1_BronzeDivision/gpio_interrupt/gpio_interrupt.cache/compile_simlib/activehdl}] -use_ip_compiled_libs -force -quiet
launch_sdk -workspace D:/NEW/TYUT/FPGA/Code/1_Learning/PS/1_BronzeDivision/gpio_interrupt/gpio_interrupt.sdk -hwspec D:/NEW/TYUT/FPGA/Code/1_Learning/PS/1_BronzeDivision/gpio_interrupt/gpio_interrupt.sdk/system_wrapper.hdf
INFO: [Vivado 12-393] Launching SDK...
INFO: [Vivado 12-417] Running xsdk -workspace D:/NEW/TYUT/FPGA/Code/1_Learning/PS/1_BronzeDivision/gpio_interrupt/gpio_interrupt.sdk -hwspec D:/NEW/TYUT/FPGA/Code/1_Learning/PS/1_BronzeDivision/gpio_interrupt/gpio_interrupt.sdk/system_wrapper.hdf
INFO: [Vivado 12-3157] SDK launch initiated. Please check console for any further messages.
generate_target all [get_files  D:/NEW/TYUT/FPGA/Code/1_Learning/PS/1_BronzeDivision/gpio_interrupt/gpio_interrupt.srcs/sources_1/bd/system/system.bd]
INFO: [BD 41-1637] Generated targets are already up-to-date for bd-design 'system' - hence not re-generating.
export_ip_user_files -of_objects [get_files D:/NEW/TYUT/FPGA/Code/1_Learning/PS/1_BronzeDivision/gpio_interrupt/gpio_interrupt.srcs/sources_1/bd/system/system.bd] -no_script -sync -force -quiet
create_ip_run [get_files -of_objects [get_fileset sources_1] D:/NEW/TYUT/FPGA/Code/1_Learning/PS/1_BronzeDivision/gpio_interrupt/gpio_interrupt.srcs/sources_1/bd/system/system.bd]
export_simulation -of_objects [get_files D:/NEW/TYUT/FPGA/Code/1_Learning/PS/1_BronzeDivision/gpio_interrupt/gpio_interrupt.srcs/sources_1/bd/system/system.bd] -directory D:/NEW/TYUT/FPGA/Code/1_Learning/PS/1_BronzeDivision/gpio_interrupt/gpio_interrupt.ip_user_files/sim_scripts -ip_user_files_dir D:/NEW/TYUT/FPGA/Code/1_Learning/PS/1_BronzeDivision/gpio_interrupt/gpio_interrupt.ip_user_files -ipstatic_source_dir D:/NEW/TYUT/FPGA/Code/1_Learning/PS/1_BronzeDivision/gpio_interrupt/gpio_interrupt.ip_user_files/ipstatic -lib_map_path [list {modelsim=D:/NEW/TYUT/FPGA/Vivado/Vivado_library} {questa=D:/NEW/TYUT/FPGA/Code/1_Learning/PS/1_BronzeDivision/gpio_interrupt/gpio_interrupt.cache/compile_simlib/questa} {riviera=D:/NEW/TYUT/FPGA/Code/1_Learning/PS/1_BronzeDivision/gpio_interrupt/gpio_interrupt.cache/compile_simlib/riviera} {activehdl=D:/NEW/TYUT/FPGA/Code/1_Learning/PS/1_BronzeDivision/gpio_interrupt/gpio_interrupt.cache/compile_simlib/activehdl}] -use_ip_compiled_libs -force -quiet
file copy -force D:/NEW/TYUT/FPGA/Code/1_Learning/PS/1_BronzeDivision/gpio_interrupt/gpio_interrupt.runs/impl_1/system_wrapper.sysdef D:/NEW/TYUT/FPGA/Code/1_Learning/PS/1_BronzeDivision/gpio_interrupt/gpio_interrupt.sdk/system_wrapper.hdf

launch_sdk -workspace D:/NEW/TYUT/FPGA/Code/1_Learning/PS/1_BronzeDivision/gpio_interrupt/gpio_interrupt.sdk -hwspec D:/NEW/TYUT/FPGA/Code/1_Learning/PS/1_BronzeDivision/gpio_interrupt/gpio_interrupt.sdk/system_wrapper.hdf
INFO: [Vivado 12-393] Launching SDK...
INFO: [Vivado 12-417] Running xsdk -workspace D:/NEW/TYUT/FPGA/Code/1_Learning/PS/1_BronzeDivision/gpio_interrupt/gpio_interrupt.sdk -hwspec D:/NEW/TYUT/FPGA/Code/1_Learning/PS/1_BronzeDivision/gpio_interrupt/gpio_interrupt.sdk/system_wrapper.hdf
INFO: [Vivado 12-3157] SDK launch initiated. Please check console for any further messages.
exit
INFO: [Common 17-206] Exiting Vivado at Thu Apr  4 15:39:32 2024...
