22:07:32 INFO  : Registering command handlers for SDK TCF services
22:07:33 INFO  : Launching XSCT server: xsct.bat -interactive D:\NEW\TYUT\FPGA\Code\1_Learning\PS\1_BronzeDivision\gpio_emio\gpio_emio.sdk\temp_xsdb_launch_script.tcl
22:07:37 INFO  : XSCT server has started successfully.
22:07:37 INFO  : Successfully done setting XSCT server connection channel  
22:07:42 INFO  : Successfully done setting SDK workspace  
22:07:42 INFO  : Processing command line option -hwspec D:/NEW/TYUT/FPGA/Code/1_Learning/PS/1_BronzeDivision/gpio_emio/gpio_emio.sdk/system_wrapper.hdf.
11:56:23 INFO  : Connected to target on host '127.0.0.1' and port '3121'.
11:56:24 INFO  : Jtag cable 'Digilent JTAG-SMT2 C305B4A1ABCD' is selected.
11:56:24 INFO  : 'jtag frequency' command is executed.
11:56:24 INFO  : Sourcing of 'D:/NEW/TYUT/FPGA/Code/1_Learning/PS/1_BronzeDivision/gpio_emio/gpio_emio.sdk/system_wrapper_hw_platform_0/ps7_init.tcl' is done.
11:56:24 INFO  : Context for 'APU' is selected.
11:56:24 INFO  : System reset is completed.
11:56:27 INFO  : 'after 3000' command is executed.
11:56:27 INFO  : 'targets -set -filter {jtag_cable_name =~ "Digilent JTAG-SMT2 C305B4A1ABCD" && level==0} -index 1' command is executed.
11:56:29 INFO  : FPGA configured successfully with bitstream "D:/NEW/TYUT/FPGA/Code/1_Learning/PS/1_BronzeDivision/gpio_emio/gpio_emio.sdk/system_wrapper_hw_platform_0/system_wrapper.bit"
11:56:29 INFO  : Context for 'APU' is selected.
11:56:29 INFO  : Hardware design information is loaded from 'D:/NEW/TYUT/FPGA/Code/1_Learning/PS/1_BronzeDivision/gpio_emio/gpio_emio.sdk/system_wrapper_hw_platform_0/system.hdf'.
11:56:29 INFO  : 'configparams force-mem-access 1' command is executed.
11:56:29 INFO  : Context for 'APU' is selected.
11:56:29 INFO  : 'ps7_init' command is executed.
11:56:29 INFO  : 'ps7_post_config' command is executed.
11:56:30 INFO  : Context for processor 'ps7_cortexa9_0' is selected.
11:56:30 INFO  : The application 'D:/NEW/TYUT/FPGA/Code/1_Learning/PS/1_BronzeDivision/gpio_emio/gpio_emio.sdk/fpio_emio/Debug/fpio_emio.elf' is downloaded to processor 'ps7_cortexa9_0'.
11:56:30 INFO  : 'configparams force-mem-access 0' command is executed.
11:56:30 INFO  : ----------------XSDB Script----------------
connect -url tcp:127.0.0.1:3121
source D:/NEW/TYUT/FPGA/Code/1_Learning/PS/1_BronzeDivision/gpio_emio/gpio_emio.sdk/system_wrapper_hw_platform_0/ps7_init.tcl
targets -set -nocase -filter {name =~"APU*" && jtag_cable_name =~ "Digilent JTAG-SMT2 C305B4A1ABCD"} -index 0
rst -system
after 3000
targets -set -filter {jtag_cable_name =~ "Digilent JTAG-SMT2 C305B4A1ABCD" && level==0} -index 1
fpga -file D:/NEW/TYUT/FPGA/Code/1_Learning/PS/1_BronzeDivision/gpio_emio/gpio_emio.sdk/system_wrapper_hw_platform_0/system_wrapper.bit
targets -set -nocase -filter {name =~"APU*" && jtag_cable_name =~ "Digilent JTAG-SMT2 C305B4A1ABCD"} -index 0
loadhw -hw D:/NEW/TYUT/FPGA/Code/1_Learning/PS/1_BronzeDivision/gpio_emio/gpio_emio.sdk/system_wrapper_hw_platform_0/system.hdf -mem-ranges [list {0x40000000 0xbfffffff}]
configparams force-mem-access 1
targets -set -nocase -filter {name =~"APU*" && jtag_cable_name =~ "Digilent JTAG-SMT2 C305B4A1ABCD"} -index 0
ps7_init
ps7_post_config
targets -set -nocase -filter {name =~ "ARM*#0" && jtag_cable_name =~ "Digilent JTAG-SMT2 C305B4A1ABCD"} -index 0
dow D:/NEW/TYUT/FPGA/Code/1_Learning/PS/1_BronzeDivision/gpio_emio/gpio_emio.sdk/fpio_emio/Debug/fpio_emio.elf
configparams force-mem-access 0
----------------End of Script----------------

11:56:30 INFO  : Context for processor 'ps7_cortexa9_0' is selected.
11:56:30 INFO  : 'con' command is executed.
11:56:30 INFO  : ----------------XSDB Script (After Launch)----------------
targets -set -nocase -filter {name =~ "ARM*#0" && jtag_cable_name =~ "Digilent JTAG-SMT2 C305B4A1ABCD"} -index 0
con
----------------End of Script----------------

11:56:30 INFO  : Disconnected from the channel tcfchan#1.
